2024-06-09 16:30:55 | 当前运行到的工作名称为：网络安全, 第1
2024-06-09 16:31:40 | 当前运行到的工作名称为：网络安全, 第1页
2024-06-09 16:31:45 | 当前运行到的工作名称为：网络安全, 第2页
2024-06-09 16:31:49 | 当前运行到的工作名称为：网络安全, 第3页
2024-06-09 16:31:52 | 当前运行到的工作名称为：网络安全, 第4页
2024-06-09 16:32:01 | 当前运行到的工作名称为：网络安全, 第5页
2024-06-09 16:32:48 | 当前运行到的工作名称为：网络安全, 第6页
2024-06-09 16:40:45 | 当前运行到的工作名称为：网络安全, 第7页
2024-06-09 16:40:49 | 当前运行到的工作名称为：网络安全, 第8页
2024-06-09 16:40:55 | 当前运行到的工作名称为：网络安全, 第9页
2024-06-09 16:41:04 | 当前运行到的工作名称为：网络安全, 第10页
2024-06-09 16:41:57 | 当前运行到的工作名称为：系统工程师, 第1页
2024-06-09 16:49:22 | 当前运行到的工作名称为：系统工程师, 第2页
2024-06-09 16:49:25 | 当前运行到的工作名称为：系统工程师, 第3页
2024-06-09 16:49:31 | 当前运行到的工作名称为：系统工程师, 第4页
2024-06-09 16:49:37 | 当前运行到的工作名称为：系统工程师, 第5页
2024-06-09 16:50:21 | 当前运行到的工作名称为：系统工程师, 第6页
2024-06-09 16:58:07 | 当前运行到的工作名称为：系统工程师, 第7页
2024-06-09 16:58:10 | 当前运行到的工作名称为：系统工程师, 第8页
2024-06-09 16:58:16 | 当前运行到的工作名称为：系统工程师, 第9页
2024-06-09 16:58:35 | 当前运行到的工作名称为：系统工程师, 第10页
2024-06-09 16:59:36 | 当前运行到的工作名称为：运维开发工程师, 第1页
2024-06-09 17:02:50 | 当前运行到的工作名称为：运维开发工程师, 第2页
2024-06-09 17:02:54 | 当前运行到的工作名称为：运维开发工程师, 第3页
2024-06-09 17:03:01 | 当前运行到的工作名称为：运维开发工程师, 第4页
2024-06-09 17:03:45 | 当前运行到的工作名称为：运维开发工程师, 第5页
2024-06-09 17:04:27 | 当前运行到的工作名称为：运维开发工程师, 第6页
2024-06-09 17:11:40 | 当前运行到的工作名称为：运维开发工程师, 第7页
2024-06-09 17:11:45 | 当前运行到的工作名称为：运维开发工程师, 第8页
2024-06-09 17:11:48 | 当前运行到的工作名称为：运维开发工程师, 第9页
2024-06-09 17:12:04 | 当前运行到的工作名称为：运维开发工程师, 第10页
2024-06-09 17:12:43 | 当前运行到的工作名称为：系统管理员, 第1页
2024-06-09 17:20:15 | 当前运行到的工作名称为：系统管理员, 第2页
2024-06-09 17:20:18 | 当前运行到的工作名称为：系统管理员, 第3页
2024-06-09 17:20:22 | 当前运行到的工作名称为：系统管理员, 第4页
2024-06-09 17:20:28 | 当前运行到的工作名称为：系统管理员, 第5页
2024-06-09 17:21:13 | 当前运行到的工作名称为：系统管理员, 第6页
2024-06-09 17:28:18 | 当前运行到的工作名称为：系统管理员, 第7页
2024-06-09 17:28:23 | 当前运行到的工作名称为：系统管理员, 第8页
2024-06-09 17:28:27 | 当前运行到的工作名称为：系统管理员, 第9页
2024-06-09 17:28:50 | 当前运行到的工作名称为：系统管理员, 第10页
2024-06-09 17:29:46 | 当前运行到的工作名称为：DBA, 第1页
2024-06-09 17:36:40 | 当前运行到的工作名称为：DBA, 第2页
2024-06-09 17:36:44 | 当前运行到的工作名称为：DBA, 第3页
2024-06-09 17:36:49 | 当前运行到的工作名称为：DBA, 第4页
2024-06-09 17:37:02 | 当前运行到的工作名称为：DBA, 第5页
2024-06-09 17:37:46 | 当前运行到的工作名称为：DBA, 第6页
2024-06-09 17:44:43 | 当前运行到的工作名称为：DBA, 第7页
2024-06-09 17:44:47 | 当前运行到的工作名称为：DBA, 第8页
2024-06-09 17:44:52 | 当前运行到的工作名称为：DBA, 第9页
2024-06-09 17:45:16 | 当前运行到的工作名称为：DBA, 第10页
2024-06-09 17:46:14 | 当前运行到的工作名称为：系统安全, 第1页
2024-06-09 17:54:39 | 当前运行到的工作名称为：系统安全, 第2页
2024-06-09 17:54:53 | 当前运行到的工作名称为：系统安全, 第3页
2024-06-09 17:55:06 | 当前运行到的工作名称为：系统安全, 第4页
2024-06-09 17:55:19 | 当前运行到的工作名称为：系统安全, 第5页
2024-06-09 17:55:32 | 当前运行到的工作名称为：系统安全, 第6页
2024-06-09 17:55:45 | 当前运行到的工作名称为：系统安全, 第7页
2024-06-09 17:55:59 | 当前运行到的工作名称为：系统安全, 第8页
2024-06-09 17:56:13 | 当前运行到的工作名称为：系统安全, 第9页
2024-06-09 17:56:24 | 当前运行到的工作名称为：系统安全, 第10页
2024-06-09 17:56:38 | 当前运行到的工作名称为：技术文档工程师, 第1页
2024-06-09 17:56:52 | 当前运行到的工作名称为：技术文档工程师, 第2页
2024-06-09 17:57:05 | 当前运行到的工作名称为：技术文档工程师, 第3页
2024-06-09 17:57:17 | 当前运行到的工作名称为：技术文档工程师, 第4页
2024-06-09 17:57:29 | 当前运行到的工作名称为：技术文档工程师, 第5页
2024-06-09 17:57:43 | 当前运行到的工作名称为：技术文档工程师, 第6页
2024-06-09 17:57:57 | 当前运行到的工作名称为：技术文档工程师, 第7页
2024-06-09 17:58:11 | 当前运行到的工作名称为：技术文档工程师, 第8页
2024-06-09 17:58:22 | 当前运行到的工作名称为：技术文档工程师, 第9页
2024-06-09 17:58:36 | 当前运行到的工作名称为：技术文档工程师, 第10页
2024-06-09 17:58:50 | 当前运行到的工作名称为：图像算法, 第1页
2024-06-09 17:59:02 | 当前运行到的工作名称为：图像算法, 第2页
2024-06-09 17:59:16 | 当前运行到的工作名称为：图像算法, 第3页
2024-06-09 17:59:29 | 当前运行到的工作名称为：图像算法, 第4页
2024-06-09 17:59:42 | 当前运行到的工作名称为：图像算法, 第5页
2024-06-09 17:59:57 | 当前运行到的工作名称为：图像算法, 第6页
2024-06-09 18:00:11 | 当前运行到的工作名称为：图像算法, 第7页
2024-06-09 18:00:24 | 当前运行到的工作名称为：图像算法, 第8页
2024-06-09 18:00:36 | 当前运行到的工作名称为：图像算法, 第9页
2024-06-09 18:00:49 | 当前运行到的工作名称为：图像算法, 第10页
2024-06-09 18:01:03 | 当前运行到的工作名称为：自然语言处理算法, 第1页
2024-06-09 18:01:16 | 当前运行到的工作名称为：自然语言处理算法, 第2页
2024-06-09 18:01:29 | 当前运行到的工作名称为：自然语言处理算法, 第3页
2024-06-09 18:01:41 | 当前运行到的工作名称为：自然语言处理算法, 第4页
2024-06-09 18:01:55 | 当前运行到的工作名称为：自然语言处理算法, 第5页
2024-06-09 18:02:07 | 当前运行到的工作名称为：自然语言处理算法, 第6页
2024-06-09 18:02:21 | 当前运行到的工作名称为：自然语言处理算法, 第7页
2024-06-09 18:02:33 | 当前运行到的工作名称为：自然语言处理算法, 第8页
2024-06-09 18:02:45 | 当前运行到的工作名称为：自然语言处理算法, 第9页
2024-06-09 18:02:56 | 当前运行到的工作名称为：自然语言处理算法, 第10页
2024-06-09 18:03:08 | 当前运行到的工作名称为：大模型算法, 第1页
2024-06-09 18:03:20 | 当前运行到的工作名称为：大模型算法, 第2页
2024-06-09 18:03:32 | 当前运行到的工作名称为：大模型算法, 第3页
2024-06-09 18:03:45 | 当前运行到的工作名称为：大模型算法, 第4页
2024-06-09 18:03:57 | 当前运行到的工作名称为：大模型算法, 第5页
2024-06-09 18:04:09 | 当前运行到的工作名称为：大模型算法, 第6页
2024-06-09 18:04:23 | 当前运行到的工作名称为：大模型算法, 第7页
2024-06-09 18:04:38 | 当前运行到的工作名称为：大模型算法, 第8页
2024-06-09 18:04:50 | 当前运行到的工作名称为：大模型算法, 第9页
2024-06-09 18:05:03 | 当前运行到的工作名称为：大模型算法, 第10页
2024-06-09 18:05:16 | 当前运行到的工作名称为：数据挖掘, 第1页
2024-06-09 18:05:29 | 当前运行到的工作名称为：数据挖掘, 第2页
2024-06-09 18:05:42 | 当前运行到的工作名称为：数据挖掘, 第3页
2024-06-09 18:05:54 | 当前运行到的工作名称为：数据挖掘, 第4页
2024-06-09 18:06:08 | 当前运行到的工作名称为：数据挖掘, 第5页
2024-06-09 18:06:20 | 当前运行到的工作名称为：数据挖掘, 第6页
2024-06-09 18:06:32 | 当前运行到的工作名称为：数据挖掘, 第7页
2024-06-09 18:06:44 | 当前运行到的工作名称为：数据挖掘, 第8页
2024-06-09 18:06:56 | 当前运行到的工作名称为：数据挖掘, 第9页
2024-06-09 18:07:10 | 当前运行到的工作名称为：数据挖掘, 第10页
2024-06-09 18:07:23 | 当前运行到的工作名称为：规控算法, 第1页
2024-06-09 18:07:37 | 当前运行到的工作名称为：规控算法, 第2页
2024-06-09 18:07:49 | 当前运行到的工作名称为：规控算法, 第3页
2024-06-09 18:08:02 | 当前运行到的工作名称为：规控算法, 第4页
2024-06-09 18:08:17 | 当前运行到的工作名称为：规控算法, 第5页
2024-06-09 18:08:31 | 当前运行到的工作名称为：规控算法, 第6页
2024-06-09 18:08:43 | 当前运行到的工作名称为：规控算法, 第7页
2024-06-09 18:08:55 | 当前运行到的工作名称为：规控算法, 第8页
2024-06-09 18:09:09 | 当前运行到的工作名称为：规控算法, 第9页
2024-06-09 18:09:20 | 当前运行到的工作名称为：规控算法, 第10页
2024-06-09 18:09:34 | 当前运行到的工作名称为：SLAM算法, 第1页
2024-06-09 18:09:48 | 当前运行到的工作名称为：SLAM算法, 第2页
2024-06-09 18:10:02 | 当前运行到的工作名称为：SLAM算法, 第3页
2024-06-09 18:10:16 | 当前运行到的工作名称为：SLAM算法, 第4页
2024-06-09 18:10:28 | 当前运行到的工作名称为：SLAM算法, 第5页
2024-06-09 18:10:40 | 当前运行到的工作名称为：SLAM算法, 第6页
2024-06-09 18:10:52 | 当前运行到的工作名称为：SLAM算法, 第7页
2024-06-09 18:11:05 | 当前运行到的工作名称为：SLAM算法, 第8页
2024-06-09 18:11:17 | 当前运行到的工作名称为：SLAM算法, 第9页
2024-06-09 18:11:30 | 当前运行到的工作名称为：SLAM算法, 第10页
2024-06-09 18:11:44 | 当前运行到的工作名称为：推荐算法, 第1页
2024-06-09 18:11:56 | 当前运行到的工作名称为：推荐算法, 第2页
2024-06-09 18:12:08 | 当前运行到的工作名称为：推荐算法, 第3页
2024-06-09 18:12:21 | 当前运行到的工作名称为：推荐算法, 第4页
2024-06-09 18:12:33 | 当前运行到的工作名称为：推荐算法, 第5页
2024-06-09 18:12:46 | 当前运行到的工作名称为：推荐算法, 第6页
2024-06-09 18:12:59 | 当前运行到的工作名称为：推荐算法, 第7页
2024-06-09 18:13:13 | 当前运行到的工作名称为：推荐算法, 第8页
2024-06-09 18:13:27 | 当前运行到的工作名称为：推荐算法, 第9页
2024-06-09 18:13:40 | 当前运行到的工作名称为：推荐算法, 第10页
2024-06-09 18:13:53 | 当前运行到的工作名称为：搜索算法, 第1页
2024-06-09 18:14:05 | 当前运行到的工作名称为：搜索算法, 第2页
2024-06-09 18:14:19 | 当前运行到的工作名称为：搜索算法, 第3页
2024-06-09 18:14:32 | 当前运行到的工作名称为：搜索算法, 第4页
2024-06-09 18:14:46 | 当前运行到的工作名称为：搜索算法, 第5页
2024-06-09 18:15:01 | 当前运行到的工作名称为：搜索算法, 第6页
2024-06-09 18:15:15 | 当前运行到的工作名称为：搜索算法, 第7页
2024-06-09 18:15:28 | 当前运行到的工作名称为：搜索算法, 第8页
2024-06-09 18:15:41 | 当前运行到的工作名称为：搜索算法, 第9页
2024-06-09 18:15:52 | 当前运行到的工作名称为：搜索算法, 第10页
2024-06-09 18:16:06 | 当前运行到的工作名称为：语音算法, 第1页
2024-06-09 18:16:18 | 当前运行到的工作名称为：语音算法, 第2页
2024-06-09 18:16:32 | 当前运行到的工作名称为：语音算法, 第3页
2024-06-09 18:16:45 | 当前运行到的工作名称为：语音算法, 第4页
2024-06-09 18:16:59 | 当前运行到的工作名称为：语音算法, 第5页
2024-06-09 18:17:12 | 当前运行到的工作名称为：语音算法, 第6页
2024-06-09 18:17:25 | 当前运行到的工作名称为：语音算法, 第7页
2024-06-09 18:17:37 | 当前运行到的工作名称为：语音算法, 第8页
2024-06-09 18:17:51 | 当前运行到的工作名称为：语音算法, 第9页
2024-06-09 18:18:05 | 当前运行到的工作名称为：语音算法, 第10页
2024-06-09 18:18:18 | 当前运行到的工作名称为：风控算法, 第1页
2024-06-09 18:18:30 | 当前运行到的工作名称为：风控算法, 第2页
2024-06-09 18:18:42 | 当前运行到的工作名称为：风控算法, 第3页
2024-06-09 18:18:54 | 当前运行到的工作名称为：风控算法, 第4页
2024-06-09 18:19:07 | 当前运行到的工作名称为：风控算法, 第5页
2024-06-09 18:19:21 | 当前运行到的工作名称为：风控算法, 第6页
2024-06-09 18:19:34 | 当前运行到的工作名称为：风控算法, 第7页
2024-06-09 18:19:46 | 当前运行到的工作名称为：风控算法, 第8页
2024-06-09 18:19:58 | 当前运行到的工作名称为：风控算法, 第9页
2024-06-09 18:20:11 | 当前运行到的工作名称为：风控算法, 第10页
2024-06-09 18:20:23 | 当前运行到的工作名称为：算法研究员, 第1页
2024-06-09 18:20:36 | 当前运行到的工作名称为：算法研究员, 第2页
2024-06-09 18:20:50 | 当前运行到的工作名称为：算法研究员, 第3页
2024-06-09 18:21:02 | 当前运行到的工作名称为：算法研究员, 第4页
2024-06-11 17:09:27 | 当前运行到的工作名称为：算法研究员, 第1页
2024-06-11 17:09:32 | 当前运行到的工作名称为：算法研究员, 第2页
2024-06-11 17:09:36 | 当前运行到的工作名称为：算法研究员, 第3页
2024-06-11 17:09:41 | 当前运行到的工作名称为：算法研究员, 第4页
2024-06-11 17:09:50 | 当前运行到的工作名称为：算法研究员, 第5页
2024-06-11 17:10:49 | 当前运行到的工作名称为：算法研究员, 第6页
2024-06-11 17:18:49 | 当前运行到的工作名称为：算法研究员, 第7页
2024-06-11 17:18:53 | 当前运行到的工作名称为：算法研究员, 第8页
2024-06-11 17:18:59 | 当前运行到的工作名称为：算法研究员, 第9页
2024-06-11 17:19:15 | 当前运行到的工作名称为：算法研究员, 第10页
2024-06-11 17:19:54 | 当前运行到的工作名称为：算法工程师, 第1页
2024-06-11 17:21:12 | 当前运行到的工作名称为：算法工程师, 第2页
2024-06-11 17:36:52 | 当前运行到的工作名称为：算法工程师, 第3页
2024-06-11 17:37:07 | 当前运行到的工作名称为：算法工程师, 第4页
2024-06-11 17:37:22 | 当前运行到的工作名称为：算法工程师, 第5页
2024-06-11 17:37:49 | 当前运行到的工作名称为：算法工程师, 第6页
2024-06-11 17:39:10 | 当前运行到的工作名称为：算法工程师, 第7页
2024-06-11 17:40:12 | 当前运行到的工作名称为：算法工程师, 第8页
2024-06-11 17:41:33 | 当前运行到的工作名称为：算法工程师, 第9页
2024-06-11 17:41:46 | 当前运行到的工作名称为：算法工程师, 第10页
2024-06-11 17:42:32 | 当前运行到的工作名称为：机器学习, 第1页
2024-06-11 17:44:21 | 当前运行到的工作名称为：机器学习, 第2页
2024-06-11 17:46:01 | 当前运行到的工作名称为：机器学习, 第3页
2024-06-11 17:55:38 | 当前运行到的工作名称为：机器学习, 第4页
2024-06-11 17:55:43 | 当前运行到的工作名称为：机器学习, 第5页
2024-06-11 17:55:48 | 当前运行到的工作名称为：机器学习, 第6页
2024-06-11 17:56:02 | 当前运行到的工作名称为：机器学习, 第7页
2024-06-11 17:57:36 | 当前运行到的工作名称为：机器学习, 第8页
2024-06-11 18:13:05 | 当前运行到的工作名称为：机器学习, 第9页
2024-06-11 18:13:11 | 当前运行到的工作名称为：机器学习, 第10页
2024-06-11 18:13:18 | 当前运行到的工作名称为：深度学习, 第1页
2024-06-11 18:14:08 | 当前运行到的工作名称为：深度学习, 第2页
2024-06-11 18:15:22 | 当前运行到的工作名称为：深度学习, 第3页
2024-06-11 18:27:19 | 当前运行到的工作名称为：深度学习, 第4页
2024-06-11 18:27:31 | 当前运行到的工作名称为：深度学习, 第5页
2024-06-11 18:27:38 | 当前运行到的工作名称为：深度学习, 第6页
2024-06-11 18:28:00 | 当前运行到的工作名称为：深度学习, 第7页
2024-06-11 18:29:14 | 当前运行到的工作名称为：深度学习, 第8页
2024-06-11 18:31:24 | 当前运行到的工作名称为：深度学习, 第9页
2024-06-11 18:44:14 | 当前运行到的工作名称为：深度学习, 第10页
2024-06-11 18:44:27 | 当前运行到的工作名称为：自动驾驶系统工程师, 第1页
2024-06-11 18:44:53 | 当前运行到的工作名称为：自动驾驶系统工程师, 第2页
2024-06-11 18:45:36 | 当前运行到的工作名称为：自动驾驶系统工程师, 第3页
2024-06-11 18:47:04 | 当前运行到的工作名称为：自动驾驶系统工程师, 第4页
2024-06-11 18:48:29 | 当前运行到的工作名称为：自动驾驶系统工程师, 第5页
2024-06-11 18:49:09 | 当前运行到的工作名称为：自动驾驶系统工程师, 第6页
2024-06-11 18:50:01 | 当前运行到的工作名称为：自动驾驶系统工程师, 第7页
2024-06-11 18:51:31 | 当前运行到的工作名称为：自动驾驶系统工程师, 第8页
2024-06-11 18:52:59 | 当前运行到的工作名称为：自动驾驶系统工程师, 第9页
2024-06-11 18:53:17 | 当前运行到的工作名称为：自动驾驶系统工程师, 第10页
2024-06-11 18:54:07 | 当前运行到的工作名称为：数据标注/AI训练师, 第1页
2024-06-11 18:56:16 | 当前运行到的工作名称为：数据标注/AI训练师, 第2页
2024-06-11 19:17:50 | 当前运行到的工作名称为：数据标注/AI训练师, 第3页
2024-06-11 19:17:55 | 当前运行到的工作名称为：数据标注/AI训练师, 第4页
2024-06-11 19:17:59 | 当前运行到的工作名称为：数据标注/AI训练师, 第5页
2024-06-11 19:18:29 | 当前运行到的工作名称为：数据标注/AI训练师, 第6页
2024-06-11 19:21:27 | 当前运行到的工作名称为：数据标注/AI训练师, 第7页
2024-06-11 19:49:33 | 当前运行到的工作名称为：数据标注/AI训练师, 第8页
2024-06-11 19:49:41 | 当前运行到的工作名称为：数据标注/AI训练师, 第9页
2024-06-11 19:49:50 | 当前运行到的工作名称为：数据标注/AI训练师, 第10页
2024-06-11 19:50:28 | 当前运行到的工作名称为：售前技术支持, 第1页
2024-06-11 19:53:39 | 当前运行到的工作名称为：售前技术支持, 第2页
2024-06-11 19:58:19 | 当前运行到的工作名称为：售前技术支持, 第3页
2024-06-11 20:24:16 | 当前运行到的工作名称为：售前技术支持, 第4页
2024-06-11 20:24:22 | 当前运行到的工作名称为：售前技术支持, 第5页
2024-06-11 20:24:27 | 当前运行到的工作名称为：售前技术支持, 第6页
2024-06-11 20:25:04 | 当前运行到的工作名称为：售前技术支持, 第7页
2024-06-11 20:25:54 | 当前运行到的工作名称为：售前技术支持, 第8页
2024-06-11 20:41:38 | 当前运行到的工作名称为：售前技术支持, 第9页
2024-06-11 20:41:45 | 当前运行到的工作名称为：售前技术支持, 第10页
2024-06-11 20:41:52 | 当前运行到的工作名称为：售后技术支持, 第1页
2024-06-11 20:41:58 | 当前运行到的工作名称为：售后技术支持, 第2页
2024-06-11 20:46:11 | 当前运行到的工作名称为：售后技术支持, 第3页
2024-06-11 20:51:12 | 当前运行到的工作名称为：售后技术支持, 第4页
2024-06-11 20:57:18 | 当前运行到的工作名称为：售后技术支持, 第5页
2024-06-11 20:57:31 | 当前运行到的工作名称为：售后技术支持, 第6页
2024-06-11 20:57:42 | 当前运行到的工作名称为：售后技术支持, 第7页
2024-06-11 20:58:02 | 当前运行到的工作名称为：售后技术支持, 第8页
2024-06-11 20:58:56 | 当前运行到的工作名称为：售后技术支持, 第9页
2024-06-11 20:59:41 | 当前运行到的工作名称为：售后技术支持, 第10页
2024-06-11 21:00:50 | 当前运行到的工作名称为：销售技术支持, 第1页
2024-06-11 21:11:00 | 当前运行到的工作名称为：销售技术支持, 第2页
2024-06-11 21:11:14 | 当前运行到的工作名称为：销售技术支持, 第3页
2024-06-11 21:11:21 | 当前运行到的工作名称为：销售技术支持, 第4页
2024-06-11 21:11:30 | 当前运行到的工作名称为：销售技术支持, 第5页
2024-06-11 21:11:51 | 当前运行到的工作名称为：销售技术支持, 第6页
2024-06-11 21:12:38 | 当前运行到的工作名称为：销售技术支持, 第7页
2024-06-11 21:13:25 | 当前运行到的工作名称为：销售技术支持, 第8页
2024-06-11 21:23:40 | 当前运行到的工作名称为：销售技术支持, 第9页
2024-06-11 21:23:52 | 当前运行到的工作名称为：销售技术支持, 第10页
2024-06-11 21:24:03 | 当前运行到的工作名称为：客户成功, 第1页
2024-06-11 21:24:35 | 当前运行到的工作名称为：客户成功, 第2页
2024-06-11 21:25:11 | 当前运行到的工作名称为：客户成功, 第3页
2024-06-11 21:26:00 | 当前运行到的工作名称为：客户成功, 第4页
2024-06-11 21:37:22 | 当前运行到的工作名称为：客户成功, 第5页
2024-06-11 21:37:38 | 当前运行到的工作名称为：客户成功, 第6页
2024-06-11 21:37:55 | 当前运行到的工作名称为：客户成功, 第7页
2024-06-11 21:38:10 | 当前运行到的工作名称为：客户成功, 第8页
2024-06-11 21:39:12 | 当前运行到的工作名称为：客户成功, 第9页
2024-06-11 21:40:14 | 当前运行到的工作名称为：客户成功, 第10页
2024-06-11 21:41:25 | 当前运行到的工作名称为：数据分析师, 第1页
2024-06-11 21:47:25 | 当前运行到的工作名称为：数据分析师, 第2页
2024-06-11 21:47:41 | 当前运行到的工作名称为：数据分析师, 第3页
2024-06-11 21:47:46 | 当前运行到的工作名称为：数据分析师, 第4页
2024-06-11 21:48:02 | 当前运行到的工作名称为：数据分析师, 第5页
2024-06-11 21:48:17 | 当前运行到的工作名称为：数据分析师, 第6页
2024-06-11 21:49:00 | 当前运行到的工作名称为：数据分析师, 第7页
2024-06-11 21:50:06 | 当前运行到的工作名称为：数据分析师, 第8页
2024-06-11 21:51:17 | 当前运行到的工作名称为：数据分析师, 第9页
2024-06-11 21:52:43 | 当前运行到的工作名称为：数据分析师, 第10页
2024-06-11 21:54:11 | 当前运行到的工作名称为：数据开发, 第1页
2024-06-13 11:03:52 | 当前运行到的工作名称为：数据开发, 第1页
2024-06-13 11:03:58 | 当前运行到的工作名称为：数据开发, 第2页
2024-06-13 11:04:04 | 当前运行到的工作名称为：数据开发, 第3页
2024-06-13 11:04:10 | 当前运行到的工作名称为：数据开发, 第4页
2024-06-13 11:04:21 | 当前运行到的工作名称为：数据开发, 第5页
2024-06-13 11:05:04 | 当前运行到的工作名称为：数据开发, 第6页
2024-06-13 11:06:13 | 当前运行到的工作名称为：数据开发, 第7页
2024-06-13 11:14:42 | 当前运行到的工作名称为：数据开发, 第8页
2024-06-13 11:14:47 | 当前运行到的工作名称为：数据开发, 第9页
2024-06-13 11:14:54 | 当前运行到的工作名称为：数据开发, 第10页
2024-06-13 11:15:02 | 当前运行到的工作名称为：数据仓库, 第1页
2024-06-13 11:15:57 | 当前运行到的工作名称为：数据仓库, 第2页
2024-06-13 11:30:26 | 当前运行到的工作名称为：数据仓库, 第3页
2024-06-13 11:30:31 | 当前运行到的工作名称为：数据仓库, 第4页
2024-06-13 11:30:47 | 当前运行到的工作名称为：数据仓库, 第5页
2024-06-13 11:31:04 | 当前运行到的工作名称为：数据仓库, 第6页
2024-06-13 11:32:37 | 当前运行到的工作名称为：数据仓库, 第7页
2024-06-13 11:35:21 | 当前运行到的工作名称为：数据仓库, 第8页
2024-06-13 11:45:29 | 当前运行到的工作名称为：数据仓库, 第9页
2024-06-13 11:45:35 | 当前运行到的工作名称为：数据仓库, 第10页
2024-06-13 11:45:50 | 当前运行到的工作名称为：ETL工程师, 第1页
2024-06-13 11:46:25 | 当前运行到的工作名称为：ETL工程师, 第2页
2024-06-13 11:47:28 | 当前运行到的工作名称为：ETL工程师, 第3页
2024-06-13 11:49:38 | 当前运行到的工作名称为：ETL工程师, 第4页
2024-06-13 12:01:06 | 当前运行到的工作名称为：ETL工程师, 第5页
2024-06-13 12:01:16 | 当前运行到的工作名称为：ETL工程师, 第6页
2024-06-13 12:01:35 | 当前运行到的工作名称为：ETL工程师, 第7页
2024-06-13 12:01:54 | 当前运行到的工作名称为：ETL工程师, 第8页
2024-06-13 12:03:21 | 当前运行到的工作名称为：ETL工程师, 第9页
2024-06-13 12:05:28 | 当前运行到的工作名称为：ETL工程师, 第10页
2024-06-13 12:20:21 | 当前运行到的工作名称为：数据挖掘, 第1页
2024-06-13 12:20:29 | 当前运行到的工作名称为：数据挖掘, 第2页
2024-06-13 12:20:40 | 当前运行到的工作名称为：数据挖掘, 第3页
2024-06-13 12:20:51 | 当前运行到的工作名称为：数据挖掘, 第4页
2024-06-13 12:21:01 | 当前运行到的工作名称为：数据挖掘, 第5页
2024-06-13 12:21:11 | 当前运行到的工作名称为：数据挖掘, 第6页
2024-06-13 12:21:21 | 当前运行到的工作名称为：数据挖掘, 第7页
2024-06-13 12:21:31 | 当前运行到的工作名称为：数据挖掘, 第8页
2024-06-13 12:22:04 | 当前运行到的工作名称为：数据挖掘, 第9页
2024-06-13 12:22:14 | 当前运行到的工作名称为：数据挖掘, 第10页
2024-06-13 12:22:25 | 当前运行到的工作名称为：数据架构师, 第1页
2024-06-13 12:23:03 | 当前运行到的工作名称为：数据架构师, 第2页
2024-06-13 12:23:14 | 当前运行到的工作名称为：数据架构师, 第3页
2024-06-13 12:23:28 | 当前运行到的工作名称为：数据架构师, 第4页
2024-06-13 12:23:39 | 当前运行到的工作名称为：数据架构师, 第5页
2024-06-13 12:24:02 | 当前运行到的工作名称为：数据架构师, 第6页
2024-06-13 12:25:39 | 当前运行到的工作名称为：数据架构师, 第7页
2024-06-13 12:27:06 | 当前运行到的工作名称为：数据架构师, 第8页
2024-06-13 12:28:16 | 当前运行到的工作名称为：数据架构师, 第9页
2024-06-13 12:49:24 | 当前运行到的工作名称为：数据架构师, 第10页
2024-06-13 12:49:37 | 当前运行到的工作名称为：爬虫工程师, 第1页
2024-06-13 12:49:45 | 当前运行到的工作名称为：爬虫工程师, 第2页
2024-06-13 12:49:55 | 当前运行到的工作名称为：爬虫工程师, 第3页
2024-06-13 12:50:14 | 当前运行到的工作名称为：爬虫工程师, 第4页
2024-06-13 12:51:58 | 当前运行到的工作名称为：爬虫工程师, 第5页
2024-06-13 12:53:40 | 当前运行到的工作名称为：爬虫工程师, 第6页
2024-06-13 12:54:55 | 当前运行到的工作名称为：爬虫工程师, 第7页
2024-06-13 12:55:23 | 当前运行到的工作名称为：爬虫工程师, 第8页
2024-06-13 12:55:32 | 当前运行到的工作名称为：爬虫工程师, 第9页
2024-06-13 12:55:43 | 当前运行到的工作名称为：爬虫工程师, 第10页
2024-06-13 12:55:51 | 当前运行到的工作名称为：数据采集, 第1页
2024-06-13 12:56:20 | 当前运行到的工作名称为：数据采集, 第2页
2024-06-13 12:56:27 | 当前运行到的工作名称为：数据采集, 第3页
2024-06-13 12:56:33 | 当前运行到的工作名称为：数据采集, 第4页
2024-06-13 12:56:49 | 当前运行到的工作名称为：数据采集, 第5页
2024-06-13 12:58:24 | 当前运行到的工作名称为：数据采集, 第6页
2024-06-13 13:16:40 | 当前运行到的工作名称为：数据采集, 第7页
2024-06-13 13:16:46 | 当前运行到的工作名称为：数据采集, 第8页
2024-06-13 13:16:53 | 当前运行到的工作名称为：数据采集, 第9页
2024-06-13 13:17:15 | 当前运行到的工作名称为：数据采集, 第10页
2024-06-13 13:18:49 | 当前运行到的工作名称为：项目经理/主管, 第1页
2024-06-13 13:21:08 | 当前运行到的工作名称为：项目经理/主管, 第2页
2024-06-13 13:25:40 | 当前运行到的工作名称为：项目经理/主管, 第3页
2024-06-13 13:31:24 | 当前运行到的工作名称为：项目经理/主管, 第4页
2024-06-13 13:37:23 | 当前运行到的工作名称为：项目经理/主管, 第5页
2024-06-13 13:40:52 | 当前运行到的工作名称为：项目经理/主管, 第6页
2024-06-13 13:41:52 | 当前运行到的工作名称为：项目经理/主管, 第7页
2024-06-13 13:42:01 | 当前运行到的工作名称为：项目经理/主管, 第8页
2024-06-13 13:42:11 | 当前运行到的工作名称为：项目经理/主管, 第9页
2024-06-13 13:42:21 | 当前运行到的工作名称为：项目经理/主管, 第10页
2024-06-13 13:42:32 | 当前运行到的工作名称为：项目助理, 第1页
2024-06-13 13:43:02 | 当前运行到的工作名称为：项目助理, 第2页
2024-06-13 13:43:35 | 当前运行到的工作名称为：项目助理, 第3页
2024-06-13 13:44:08 | 当前运行到的工作名称为：项目助理, 第4页
2024-06-13 13:44:38 | 当前运行到的工作名称为：项目助理, 第5页
2024-06-13 13:44:54 | 当前运行到的工作名称为：项目助理, 第6页
2024-06-13 13:45:21 | 当前运行到的工作名称为：项目助理, 第7页
2024-06-13 13:45:36 | 当前运行到的工作名称为：项目助理, 第8页
2024-06-13 13:45:55 | 当前运行到的工作名称为：项目助理, 第9页
2024-06-13 13:46:25 | 当前运行到的工作名称为：项目助理, 第10页
2024-06-13 13:47:04 | 当前运行到的工作名称为：项目专员, 第1页
2024-06-13 13:47:12 | 当前运行到的工作名称为：项目专员, 第2页
2024-06-13 13:47:23 | 当前运行到的工作名称为：项目专员, 第3页
2024-06-13 13:47:33 | 当前运行到的工作名称为：项目专员, 第4页
2024-06-13 13:47:43 | 当前运行到的工作名称为：项目专员, 第5页
2024-06-13 13:47:52 | 当前运行到的工作名称为：项目专员, 第6页
2024-06-13 13:48:01 | 当前运行到的工作名称为：项目专员, 第7页
2024-06-13 13:48:09 | 当前运行到的工作名称为：项目专员, 第8页
2024-06-13 13:48:18 | 当前运行到的工作名称为：项目专员, 第9页
2024-06-13 13:48:30 | 当前运行到的工作名称为：项目专员, 第10页
2024-06-13 13:48:39 | 当前运行到的工作名称为：实施工程师, 第1页
2024-06-13 13:48:47 | 当前运行到的工作名称为：实施工程师, 第2页
2024-06-13 13:48:56 | 当前运行到的工作名称为：实施工程师, 第3页
2024-06-13 13:49:05 | 当前运行到的工作名称为：实施工程师, 第4页
2024-06-13 13:49:16 | 当前运行到的工作名称为：实施工程师, 第5页
2024-06-13 13:49:25 | 当前运行到的工作名称为：实施工程师, 第6页
2024-06-13 13:49:34 | 当前运行到的工作名称为：实施工程师, 第7页
2024-06-13 13:49:44 | 当前运行到的工作名称为：实施工程师, 第8页
2024-06-13 13:49:54 | 当前运行到的工作名称为：实施工程师, 第9页
2024-06-13 13:50:04 | 当前运行到的工作名称为：实施工程师, 第10页
2024-06-13 13:50:15 | 当前运行到的工作名称为：实施顾问, 第1页
2024-06-13 13:50:23 | 当前运行到的工作名称为：实施顾问, 第2页
2024-06-13 13:50:35 | 当前运行到的工作名称为：实施顾问, 第3页
2024-06-13 13:50:46 | 当前运行到的工作名称为：实施顾问, 第4页
2024-06-13 13:50:55 | 当前运行到的工作名称为：实施顾问, 第5页
2024-06-13 13:51:08 | 当前运行到的工作名称为：实施顾问, 第6页
2024-06-13 13:51:17 | 当前运行到的工作名称为：实施顾问, 第7页
2024-06-13 13:51:28 | 当前运行到的工作名称为：实施顾问, 第8页
2024-06-13 13:51:37 | 当前运行到的工作名称为：实施顾问, 第9页
2024-06-13 13:51:48 | 当前运行到的工作名称为：实施顾问, 第10页
2024-06-13 13:51:58 | 当前运行到的工作名称为：需求分析工程师, 第1页
2024-06-13 13:52:06 | 当前运行到的工作名称为：需求分析工程师, 第2页
2024-06-13 13:52:16 | 当前运行到的工作名称为：需求分析工程师, 第3页
2024-06-13 13:52:27 | 当前运行到的工作名称为：需求分析工程师, 第4页
2024-06-13 13:52:38 | 当前运行到的工作名称为：需求分析工程师, 第5页
2024-06-13 13:52:46 | 当前运行到的工作名称为：需求分析工程师, 第6页
2024-06-13 13:52:57 | 当前运行到的工作名称为：需求分析工程师, 第7页
2024-06-13 13:53:07 | 当前运行到的工作名称为：需求分析工程师, 第8页
2024-06-13 13:53:18 | 当前运行到的工作名称为：需求分析工程师, 第9页
2024-06-13 13:53:28 | 当前运行到的工作名称为：需求分析工程师, 第10页
2024-06-13 13:53:36 | 当前运行到的工作名称为：硬件项目经理, 第1页
2024-06-13 13:54:06 | 当前运行到的工作名称为：硬件项目经理, 第2页
2024-06-13 13:54:21 | 当前运行到的工作名称为：硬件项目经理, 第3页
2024-06-13 13:54:27 | 当前运行到的工作名称为：硬件项目经理, 第4页
2024-06-13 13:54:42 | 当前运行到的工作名称为：硬件项目经理, 第5页
2024-06-13 13:54:56 | 当前运行到的工作名称为：硬件项目经理, 第6页
2024-06-13 13:55:35 | 当前运行到的工作名称为：硬件项目经理, 第7页
2024-06-13 13:56:28 | 当前运行到的工作名称为：硬件项目经理, 第8页
2024-06-13 13:57:51 | 当前运行到的工作名称为：硬件项目经理, 第9页
2024-06-13 13:59:13 | 当前运行到的工作名称为：硬件项目经理, 第10页
2024-06-13 13:59:52 | 当前运行到的工作名称为：技术经理, 第1页
2024-06-13 14:00:31 | 当前运行到的工作名称为：技术经理, 第2页
2024-06-13 14:01:21 | 当前运行到的工作名称为：技术经理, 第3页
2024-06-13 14:02:26 | 当前运行到的工作名称为：技术经理, 第4页
2024-06-13 14:14:26 | 当前运行到的工作名称为：技术经理, 第5页
2024-06-13 14:14:39 | 当前运行到的工作名称为：技术经理, 第6页
2024-06-13 14:14:54 | 当前运行到的工作名称为：技术经理, 第7页
2024-06-13 14:15:25 | 当前运行到的工作名称为：技术经理, 第8页
2024-06-13 14:16:46 | 当前运行到的工作名称为：技术经理, 第9页
2024-06-13 14:18:25 | 当前运行到的工作名称为：技术经理, 第10页
2024-06-13 14:23:18 | 当前运行到的工作名称为：架构师, 第1页
2024-06-13 14:23:45 | 当前运行到的工作名称为：架构师, 第2页
2024-06-13 14:23:51 | 当前运行到的工作名称为：架构师, 第3页
2024-06-13 14:23:57 | 当前运行到的工作名称为：架构师, 第4页
2024-06-13 14:24:12 | 当前运行到的工作名称为：架构师, 第5页
2024-06-13 14:26:46 | 当前运行到的工作名称为：架构师, 第6页
2024-06-13 14:29:41 | 当前运行到的工作名称为：架构师, 第7页
2024-06-13 14:51:38 | 当前运行到的工作名称为：架构师, 第8页
2024-06-13 14:51:46 | 当前运行到的工作名称为：架构师, 第9页
2024-06-13 14:51:54 | 当前运行到的工作名称为：架构师, 第10页
2024-06-13 14:52:17 | 当前运行到的工作名称为：技术总监, 第1页
2024-06-13 14:54:10 | 当前运行到的工作名称为：技术总监, 第2页
2024-06-13 15:39:38 | 当前运行到的工作名称为：技术总监, 第1页
2024-06-13 15:40:04 | 当前运行到的工作名称为：技术总监, 第2页
2024-06-13 15:40:16 | 当前运行到的工作名称为：技术总监, 第3页
2024-06-13 15:40:29 | 当前运行到的工作名称为：技术总监, 第4页
2024-06-13 15:52:47 | 当前运行到的工作名称为：技术总监, 第1页
2024-06-13 15:56:38 | 当前运行到的工作名称为：技术总监, 第1页
2024-06-13 15:57:51 | 当前运行到的工作名称为：技术总监, 第1页
2024-06-13 15:58:38 | 当前运行到的工作名称为：技术总监, 第1页
2024-06-13 15:58:58 | 当前运行到的工作名称为：技术总监, 第2页
2024-06-13 16:05:13 | 当前运行到的工作名称为：技术总监, 第1页
2024-06-13 16:08:53 | 当前运行到的工作名称为：技术总监, 第2页
